Started GET "/" for ::1 at 2016-08-10 15:59:30 -0700
Processing by HelloPageController#hello as HTML
  Rendering hello_page/hello.html.erb within layouts/application
  Rendered hello_page/hello.html.erb within layouts/application (231.1ms)
Completed 200 OK in 318ms (Views: 306.3ms | ActiveRecord: 0.0ms)


Started GET "/application.js" for ::1 at 2016-08-10 15:59:31 -0700
  
ActionController::RoutingError (No route matches [GET] "/application.js"):
  
actionpack (5.0.0) lib/action_dispatch/middleware/debug_exceptions.rb:53:in `call'
web-console (3.3.1) lib/web_console/middleware.rb:131:in `call_app'
web-console (3.3.1) lib/web_console/middleware.rb:28:in `block in call'
web-console (3.3.1) lib/web_console/middleware.rb:18:in `catch'
web-console (3.3.1) lib/web_console/middleware.rb:18:in `call'
actionpack (5.0.0) lib/action_dispatch/middleware/show_exceptions.rb:31:in `call'
railties (5.0.0) lib/rails/rack/logger.rb:36:in `call_app'
railties (5.0.0) lib/rails/rack/logger.rb:24:in `block in call'
activesupport (5.0.0) lib/active_support/tagged_logging.rb:70:in `block in tagged'
activesupport (5.0.0) lib/active_support/tagged_logging.rb:26:in `tagged'
activesupport (5.0.0) lib/active_support/tagged_logging.rb:70:in `tagged'
railties (5.0.0) lib/rails/rack/logger.rb:24:in `call'
sprockets-rails (3.1.1) lib/sprockets/rails/quiet_assets.rb:13:in `call'
actionpack (5.0.0) lib/action_dispatch/middleware/request_id.rb:24:in `call'
rack (2.0.1) lib/rack/method_override.rb:22:in `call'
rack (2.0.1) lib/rack/runtime.rb:22:in `call'
activesupport (5.0.0) lib/active_support/cache/strategy/local_cache_middleware.rb:28:in `call'
actionpack (5.0.0) lib/action_dispatch/middleware/executor.rb:12:in `call'
actionpack (5.0.0) lib/action_dispatch/middleware/static.rb:136:in `call'
rack (2.0.1) lib/rack/sendfile.rb:111:in `call'
railties (5.0.0) lib/rails/engine.rb:522:in `call'
puma (3.0.0) lib/puma/configuration.rb:221:in `call'
puma (3.0.0) lib/puma/server.rb:723:in `handle_request'
puma (3.0.0) lib/puma/server.rb:406:in `process_client'
puma (3.0.0) lib/puma/server.rb:271:in `block in run'
puma (3.0.0) lib/puma/thread_pool.rb:111:in `block in spawn_thread'
  Rendering /Users/sanmukhl/.rvm/gems/ruby-2.3.0@global/gems/actionpack-5.0.0/lib/action_dispatch/middleware/templates/rescues/routing_error.html.erb within rescues/layout
  Rendering /Users/sanmukhl/.rvm/gems/ruby-2.3.0@global/gems/actionpack-5.0.0/lib/action_dispatch/middleware/templates/rescues/_trace.html.erb
  Rendered /Users/sanmukhl/.rvm/gems/ruby-2.3.0@global/gems/actionpack-5.0.0/lib/action_dispatch/middleware/templates/rescues/_trace.html.erb (1.0ms)
  Rendered collection of /Users/sanmukhl/.rvm/gems/ruby-2.3.0@global/gems/actionpack-5.0.0/lib/action_dispatch/middleware/templates/routes/_route.html.erb [2 times] (10.6ms)
  Rendered /Users/sanmukhl/.rvm/gems/ruby-2.3.0@global/gems/actionpack-5.0.0/lib/action_dispatch/middleware/templates/routes/_table.html.erb (16.4ms)
  Rendering /Users/sanmukhl/.rvm/gems/ruby-2.3.0@global/gems/actionpack-5.0.0/lib/action_dispatch/middleware/templates/rescues/_request_and_response.html.erb
  Rendered /Users/sanmukhl/.rvm/gems/ruby-2.3.0@global/gems/actionpack-5.0.0/lib/action_dispatch/middleware/templates/rescues/_request_and_response.html.erb (1.0ms)
  Rendered /Users/sanmukhl/.rvm/gems/ruby-2.3.0@global/gems/actionpack-5.0.0/lib/action_dispatch/middleware/templates/rescues/routing_error.html.erb within rescues/layout (131.1ms)
Started GET "/" for ::1 at 2016-08-10 15:59:50 -0700
Processing by HelloPageController#hello as HTML
  Rendering hello_page/hello.html.erb within layouts/application
  Rendered hello_page/hello.html.erb within layouts/application (231.3ms)
Completed 200 OK in 300ms (Views: 288.6ms | ActiveRecord: 0.0ms)


Started GET "/application.js" for ::1 at 2016-08-10 15:59:51 -0700
  
ActionController::RoutingError (No route matches [GET] "/application.js"):
  
actionpack (5.0.0) lib/action_dispatch/middleware/debug_exceptions.rb:53:in `call'
web-console (3.3.1) lib/web_console/middleware.rb:131:in `call_app'
web-console (3.3.1) lib/web_console/middleware.rb:28:in `block in call'
web-console (3.3.1) lib/web_console/middleware.rb:18:in `catch'
web-console (3.3.1) lib/web_console/middleware.rb:18:in `call'
actionpack (5.0.0) lib/action_dispatch/middleware/show_exceptions.rb:31:in `call'
railties (5.0.0) lib/rails/rack/logger.rb:36:in `call_app'
railties (5.0.0) lib/rails/rack/logger.rb:24:in `block in call'
activesupport (5.0.0) lib/active_support/tagged_logging.rb:70:in `block in tagged'
activesupport (5.0.0) lib/active_support/tagged_logging.rb:26:in `tagged'
activesupport (5.0.0) lib/active_support/tagged_logging.rb:70:in `tagged'
railties (5.0.0) lib/rails/rack/logger.rb:24:in `call'
sprockets-rails (3.1.1) lib/sprockets/rails/quiet_assets.rb:13:in `call'
actionpack (5.0.0) lib/action_dispatch/middleware/request_id.rb:24:in `call'
rack (2.0.1) lib/rack/method_override.rb:22:in `call'
rack (2.0.1) lib/rack/runtime.rb:22:in `call'
activesupport (5.0.0) lib/active_support/cache/strategy/local_cache_middleware.rb:28:in `call'
actionpack (5.0.0) lib/action_dispatch/middleware/executor.rb:12:in `call'
actionpack (5.0.0) lib/action_dispatch/middleware/static.rb:136:in `call'
rack (2.0.1) lib/rack/sendfile.rb:111:in `call'
railties (5.0.0) lib/rails/engine.rb:522:in `call'
puma (3.0.0) lib/puma/configuration.rb:221:in `call'
puma (3.0.0) lib/puma/server.rb:723:in `handle_request'
puma (3.0.0) lib/puma/server.rb:406:in `process_client'
puma (3.0.0) lib/puma/server.rb:271:in `block in run'
puma (3.0.0) lib/puma/thread_pool.rb:111:in `block in spawn_thread'
  Rendering /Users/sanmukhl/.rvm/gems/ruby-2.3.0@global/gems/actionpack-5.0.0/lib/action_dispatch/middleware/templates/rescues/routing_error.html.erb within rescues/layout
  Rendering /Users/sanmukhl/.rvm/gems/ruby-2.3.0@global/gems/actionpack-5.0.0/lib/action_dispatch/middleware/templates/rescues/_trace.html.erb
  Rendered /Users/sanmukhl/.rvm/gems/ruby-2.3.0@global/gems/actionpack-5.0.0/lib/action_dispatch/middleware/templates/rescues/_trace.html.erb (2.1ms)
  Rendered collection of /Users/sanmukhl/.rvm/gems/ruby-2.3.0@global/gems/actionpack-5.0.0/lib/action_dispatch/middleware/templates/routes/_route.html.erb [2 times] (1.7ms)
  Rendered /Users/sanmukhl/.rvm/gems/ruby-2.3.0@global/gems/actionpack-5.0.0/lib/action_dispatch/middleware/templates/routes/_table.html.erb (15.2ms)
  Rendering /Users/sanmukhl/.rvm/gems/ruby-2.3.0@global/gems/actionpack-5.0.0/lib/action_dispatch/middleware/templates/rescues/_request_and_response.html.erb
  Rendered /Users/sanmukhl/.rvm/gems/ruby-2.3.0@global/gems/actionpack-5.0.0/lib/action_dispatch/middleware/templates/rescues/_request_and_response.html.erb (2.4ms)
  Rendered /Users/sanmukhl/.rvm/gems/ruby-2.3.0@global/gems/actionpack-5.0.0/lib/action_dispatch/middleware/templates/rescues/routing_error.html.erb within rescues/layout (141.2ms)
Started GET "/" for ::1 at 2016-08-10 16:00:05 -0700
Processing by HelloPageController#hello as HTML
  Rendering hello_page/hello.html.erb within layouts/application
  Rendered hello_page/hello.html.erb within layouts/application (1.8ms)
Completed 200 OK in 44ms (Views: 40.0ms | ActiveRecord: 0.0ms)


Started GET "/application.js" for ::1 at 2016-08-10 16:00:05 -0700
  
ActionController::RoutingError (No route matches [GET] "/application.js"):
  
actionpack (5.0.0) lib/action_dispatch/middleware/debug_exceptions.rb:53:in `call'
web-console (3.3.1) lib/web_console/middleware.rb:131:in `call_app'
web-console (3.3.1) lib/web_console/middleware.rb:28:in `block in call'
web-console (3.3.1) lib/web_console/middleware.rb:18:in `catch'
web-console (3.3.1) lib/web_console/middleware.rb:18:in `call'
actionpack (5.0.0) lib/action_dispatch/middleware/show_exceptions.rb:31:in `call'
railties (5.0.0) lib/rails/rack/logger.rb:36:in `call_app'
railties (5.0.0) lib/rails/rack/logger.rb:24:in `block in call'
activesupport (5.0.0) lib/active_support/tagged_logging.rb:70:in `block in tagged'
activesupport (5.0.0) lib/active_support/tagged_logging.rb:26:in `tagged'
activesupport (5.0.0) lib/active_support/tagged_logging.rb:70:in `tagged'
railties (5.0.0) lib/rails/rack/logger.rb:24:in `call'
sprockets-rails (3.1.1) lib/sprockets/rails/quiet_assets.rb:13:in `call'
actionpack (5.0.0) lib/action_dispatch/middleware/request_id.rb:24:in `call'
rack (2.0.1) lib/rack/method_override.rb:22:in `call'
rack (2.0.1) lib/rack/runtime.rb:22:in `call'
activesupport (5.0.0) lib/active_support/cache/strategy/local_cache_middleware.rb:28:in `call'
actionpack (5.0.0) lib/action_dispatch/middleware/executor.rb:12:in `call'
actionpack (5.0.0) lib/action_dispatch/middleware/static.rb:136:in `call'
rack (2.0.1) lib/rack/sendfile.rb:111:in `call'
railties (5.0.0) lib/rails/engine.rb:522:in `call'
puma (3.0.0) lib/puma/configuration.rb:221:in `call'
puma (3.0.0) lib/puma/server.rb:723:in `handle_request'
puma (3.0.0) lib/puma/server.rb:406:in `process_client'
puma (3.0.0) lib/puma/server.rb:271:in `block in run'
puma (3.0.0) lib/puma/thread_pool.rb:111:in `block in spawn_thread'
  Rendering /Users/sanmukhl/.rvm/gems/ruby-2.3.0@global/gems/actionpack-5.0.0/lib/action_dispatch/middleware/templates/rescues/routing_error.html.erb within rescues/layout
  Rendering /Users/sanmukhl/.rvm/gems/ruby-2.3.0@global/gems/actionpack-5.0.0/lib/action_dispatch/middleware/templates/rescues/_trace.html.erb
  Rendered /Users/sanmukhl/.rvm/gems/ruby-2.3.0@global/gems/actionpack-5.0.0/lib/action_dispatch/middleware/templates/rescues/_trace.html.erb (43.1ms)
  Rendered collection of /Users/sanmukhl/.rvm/gems/ruby-2.3.0@global/gems/actionpack-5.0.0/lib/action_dispatch/middleware/templates/routes/_route.html.erb [2 times] (3.4ms)
  Rendered /Users/sanmukhl/.rvm/gems/ruby-2.3.0@global/gems/actionpack-5.0.0/lib/action_dispatch/middleware/templates/routes/_table.html.erb (1.1ms)
  Rendering /Users/sanmukhl/.rvm/gems/ruby-2.3.0@global/gems/actionpack-5.0.0/lib/action_dispatch/middleware/templates/rescues/_request_and_response.html.erb
  Rendered /Users/sanmukhl/.rvm/gems/ruby-2.3.0@global/gems/actionpack-5.0.0/lib/action_dispatch/middleware/templates/rescues/_request_and_response.html.erb (2.6ms)
  Rendered /Users/sanmukhl/.rvm/gems/ruby-2.3.0@global/gems/actionpack-5.0.0/lib/action_dispatch/middleware/templates/rescues/routing_error.html.erb within rescues/layout (186.6ms)
Started GET "/" for 69.91.132.151 at 2018-02-18 01:27:31 +0000
Cannot render console from 69.91.132.151! Allowed networks: 127.0.0.1, ::1, 127.0.0.0/127.255.255.255
Processing by HelloPageController#hello as HTML
  Rendering hello_page/hello.html.erb within layouts/application
  Rendered hello_page/hello.html.erb within layouts/application (355.5ms)
Completed 200 OK in 433ms (Views: 424.5ms | ActiveRecord: 0.0ms)


  
ArgumentError (key must be 32 bytes):
  
activesupport (5.0.0) lib/active_support/message_encryptor.rb:72:in `key='
activesupport (5.0.0) lib/active_support/message_encryptor.rb:72:in `_encrypt'
activesupport (5.0.0) lib/active_support/message_encryptor.rb:58:in `encrypt_and_sign'
actionpack (5.0.0) lib/action_dispatch/middleware/cookies.rb:592:in `commit'
actionpack (5.0.0) lib/action_dispatch/middleware/cookies.rb:465:in `[]='
actionpack (5.0.0) lib/action_dispatch/middleware/session/cookie_store.rb:117:in `set_cookie'
rack (2.0.1) lib/rack/session/abstract/id.rb:353:in `commit_session'
rack (2.0.1) lib/rack/session/abstract/id.rb:224:in `context'
rack (2.0.1) lib/rack/session/abstract/id.rb:216:in `call'
actionpack (5.0.0) lib/action_dispatch/middleware/cookies.rb:613:in `call'
activerecord (5.0.0) lib/active_record/migration.rb:552:in `call'
actionpack (5.0.0) lib/action_dispatch/middleware/callbacks.rb:38:in `block in call'
activesupport (5.0.0) lib/active_support/callbacks.rb:97:in `__run_callbacks__'
activesupport (5.0.0) lib/active_support/callbacks.rb:750:in `_run_call_callbacks'
activesupport (5.0.0) lib/active_support/callbacks.rb:90:in `run_callbacks'
actionpack (5.0.0) lib/action_dispatch/middleware/callbacks.rb:36:in `call'
actionpack (5.0.0) lib/action_dispatch/middleware/executor.rb:12:in `call'
actionpack (5.0.0) lib/action_dispatch/middleware/remote_ip.rb:79:in `call'
actionpack (5.0.0) lib/action_dispatch/middleware/debug_exceptions.rb:49:in `call'
web-console (3.3.1) lib/web_console/middleware.rb:131:in `call_app'
web-console (3.3.1) lib/web_console/middleware.rb:20:in `block in call'
web-console (3.3.1) lib/web_console/middleware.rb:18:in `catch'
web-console (3.3.1) lib/web_console/middleware.rb:18:in `call'
actionpack (5.0.0) lib/action_dispatch/middleware/show_exceptions.rb:31:in `call'
railties (5.0.0) lib/rails/rack/logger.rb:36:in `call_app'
railties (5.0.0) lib/rails/rack/logger.rb:24:in `block in call'
activesupport (5.0.0) lib/active_support/tagged_logging.rb:70:in `block in tagged'
activesupport (5.0.0) lib/active_support/tagged_logging.rb:26:in `tagged'
activesupport (5.0.0) lib/active_support/tagged_logging.rb:70:in `tagged'
railties (5.0.0) lib/rails/rack/logger.rb:24:in `call'
sprockets-rails (3.1.1) lib/sprockets/rails/quiet_assets.rb:13:in `call'
actionpack (5.0.0) lib/action_dispatch/middleware/request_id.rb:24:in `call'
rack (2.0.1) lib/rack/method_override.rb:22:in `call'
rack (2.0.1) lib/rack/runtime.rb:22:in `call'
activesupport (5.0.0) lib/active_support/cache/strategy/local_cache_middleware.rb:28:in `call'
actionpack (5.0.0) lib/action_dispatch/middleware/executor.rb:12:in `call'
actionpack (5.0.0) lib/action_dispatch/middleware/static.rb:136:in `call'
rack (2.0.1) lib/rack/sendfile.rb:111:in `call'
railties (5.0.0) lib/rails/engine.rb:522:in `call'
puma (3.0.0) lib/puma/configuration.rb:221:in `call'
puma (3.0.0) lib/puma/server.rb:723:in `handle_request'
puma (3.0.0) lib/puma/server.rb:406:in `process_client'
puma (3.0.0) lib/puma/server.rb:271:in `block in run'
puma (3.0.0) lib/puma/thread_pool.rb:111:in `block in spawn_thread'
  Rendering /usr/local/rvm/gems/ruby-2.4.1/gems/actionpack-5.0.0/lib/action_dispatch/middleware/templates/rescues/diagnostics.html.erb within rescues/layout
  Rendering /usr/local/rvm/gems/ruby-2.4.1/gems/actionpack-5.0.0/lib/action_dispatch/middleware/templates/rescues/_source.html.erb
  Rendered /usr/local/rvm/gems/ruby-2.4.1/gems/actionpack-5.0.0/lib/action_dispatch/middleware/templates/rescues/_source.html.erb (2.1ms)
  Rendering /usr/local/rvm/gems/ruby-2.4.1/gems/actionpack-5.0.0/lib/action_dispatch/middleware/templates/rescues/_trace.html.erb
  Rendered /usr/local/rvm/gems/ruby-2.4.1/gems/actionpack-5.0.0/lib/action_dispatch/middleware/templates/rescues/_trace.html.erb (1.1ms)
  Rendering /usr/local/rvm/gems/ruby-2.4.1/gems/actionpack-5.0.0/lib/action_dispatch/middleware/templates/rescues/_request_and_response.html.erb
  Rendered /usr/local/rvm/gems/ruby-2.4.1/gems/actionpack-5.0.0/lib/action_dispatch/middleware/templates/rescues/_request_and_response.html.erb (0.6ms)
  Rendered /usr/local/rvm/gems/ruby-2.4.1/gems/actionpack-5.0.0/lib/action_dispatch/middleware/templates/rescues/diagnostics.html.erb within rescues/layout (18.7ms)
Started GET "/" for 69.91.132.151 at 2018-02-18 01:27:34 +0000
Cannot render console from 69.91.132.151! Allowed networks: 127.0.0.1, ::1, 127.0.0.0/127.255.255.255
Processing by HelloPageController#hello as HTML
  Rendering hello_page/hello.html.erb within layouts/application
  Rendered hello_page/hello.html.erb within layouts/application (1.4ms)
Completed 200 OK in 16ms (Views: 15.7ms | ActiveRecord: 0.0ms)


  
ArgumentError (key must be 32 bytes):
  
activesupport (5.0.0) lib/active_support/message_encryptor.rb:72:in `key='
activesupport (5.0.0) lib/active_support/message_encryptor.rb:72:in `_encrypt'
activesupport (5.0.0) lib/active_support/message_encryptor.rb:58:in `encrypt_and_sign'
actionpack (5.0.0) lib/action_dispatch/middleware/cookies.rb:592:in `commit'
actionpack (5.0.0) lib/action_dispatch/middleware/cookies.rb:465:in `[]='
actionpack (5.0.0) lib/action_dispatch/middleware/session/cookie_store.rb:117:in `set_cookie'
rack (2.0.1) lib/rack/session/abstract/id.rb:353:in `commit_session'
rack (2.0.1) lib/rack/session/abstract/id.rb:224:in `context'
rack (2.0.1) lib/rack/session/abstract/id.rb:216:in `call'
actionpack (5.0.0) lib/action_dispatch/middleware/cookies.rb:613:in `call'
activerecord (5.0.0) lib/active_record/migration.rb:552:in `call'
actionpack (5.0.0) lib/action_dispatch/middleware/callbacks.rb:38:in `block in call'
activesupport (5.0.0) lib/active_support/callbacks.rb:97:in `__run_callbacks__'
activesupport (5.0.0) lib/active_support/callbacks.rb:750:in `_run_call_callbacks'
activesupport (5.0.0) lib/active_support/callbacks.rb:90:in `run_callbacks'
actionpack (5.0.0) lib/action_dispatch/middleware/callbacks.rb:36:in `call'
actionpack (5.0.0) lib/action_dispatch/middleware/executor.rb:12:in `call'
actionpack (5.0.0) lib/action_dispatch/middleware/remote_ip.rb:79:in `call'
actionpack (5.0.0) lib/action_dispatch/middleware/debug_exceptions.rb:49:in `call'
web-console (3.3.1) lib/web_console/middleware.rb:131:in `call_app'
web-console (3.3.1) lib/web_console/middleware.rb:20:in `block in call'
web-console (3.3.1) lib/web_console/middleware.rb:18:in `catch'
web-console (3.3.1) lib/web_console/middleware.rb:18:in `call'
actionpack (5.0.0) lib/action_dispatch/middleware/show_exceptions.rb:31:in `call'
railties (5.0.0) lib/rails/rack/logger.rb:36:in `call_app'
railties (5.0.0) lib/rails/rack/logger.rb:24:in `block in call'
activesupport (5.0.0) lib/active_support/tagged_logging.rb:70:in `block in tagged'
activesupport (5.0.0) lib/active_support/tagged_logging.rb:26:in `tagged'
activesupport (5.0.0) lib/active_support/tagged_logging.rb:70:in `tagged'
railties (5.0.0) lib/rails/rack/logger.rb:24:in `call'
sprockets-rails (3.1.1) lib/sprockets/rails/quiet_assets.rb:13:in `call'
actionpack (5.0.0) lib/action_dispatch/middleware/request_id.rb:24:in `call'
rack (2.0.1) lib/rack/method_override.rb:22:in `call'
rack (2.0.1) lib/rack/runtime.rb:22:in `call'
activesupport (5.0.0) lib/active_support/cache/strategy/local_cache_middleware.rb:28:in `call'
actionpack (5.0.0) lib/action_dispatch/middleware/executor.rb:12:in `call'
actionpack (5.0.0) lib/action_dispatch/middleware/static.rb:136:in `call'
rack (2.0.1) lib/rack/sendfile.rb:111:in `call'
railties (5.0.0) lib/rails/engine.rb:522:in `call'
puma (3.0.0) lib/puma/configuration.rb:221:in `call'
puma (3.0.0) lib/puma/server.rb:723:in `handle_request'
puma (3.0.0) lib/puma/server.rb:406:in `process_client'
puma (3.0.0) lib/puma/server.rb:271:in `block in run'
puma (3.0.0) lib/puma/thread_pool.rb:111:in `block in spawn_thread'
  Rendering /usr/local/rvm/gems/ruby-2.4.1/gems/actionpack-5.0.0/lib/action_dispatch/middleware/templates/rescues/diagnostics.html.erb within rescues/layout
  Rendering /usr/local/rvm/gems/ruby-2.4.1/gems/actionpack-5.0.0/lib/action_dispatch/middleware/templates/rescues/_source.html.erb
  Rendered /usr/local/rvm/gems/ruby-2.4.1/gems/actionpack-5.0.0/lib/action_dispatch/middleware/templates/rescues/_source.html.erb (2.2ms)
  Rendering /usr/local/rvm/gems/ruby-2.4.1/gems/actionpack-5.0.0/lib/action_dispatch/middleware/templates/rescues/_trace.html.erb
  Rendered /usr/local/rvm/gems/ruby-2.4.1/gems/actionpack-5.0.0/lib/action_dispatch/middleware/templates/rescues/_trace.html.erb (1.2ms)
  Rendering /usr/local/rvm/gems/ruby-2.4.1/gems/actionpack-5.0.0/lib/action_dispatch/middleware/templates/rescues/_request_and_response.html.erb
  Rendered /usr/local/rvm/gems/ruby-2.4.1/gems/actionpack-5.0.0/lib/action_dispatch/middleware/templates/rescues/_request_and_response.html.erb (0.6ms)
  Rendered /usr/local/rvm/gems/ruby-2.4.1/gems/actionpack-5.0.0/lib/action_dispatch/middleware/templates/rescues/diagnostics.html.erb within rescues/layout (18.3ms)
Started GET "/" for 69.91.132.151 at 2018-02-18 01:28:36 +0000
Cannot render console from 69.91.132.151! Allowed networks: 127.0.0.1, ::1, 127.0.0.0/127.255.255.255
Processing by HelloPageController#hello as HTML
  Rendering hello_page/hello.html.erb within layouts/application
  Rendered hello_page/hello.html.erb within layouts/application (113.4ms)
Completed 200 OK in 144ms (Views: 135.3ms | ActiveRecord: 0.0ms)


  
ArgumentError (key must be 32 bytes):
  
activesupport (5.0.0) lib/active_support/message_encryptor.rb:72:in `key='
activesupport (5.0.0) lib/active_support/message_encryptor.rb:72:in `_encrypt'
activesupport (5.0.0) lib/active_support/message_encryptor.rb:58:in `encrypt_and_sign'
actionpack (5.0.0) lib/action_dispatch/middleware/cookies.rb:592:in `commit'
actionpack (5.0.0) lib/action_dispatch/middleware/cookies.rb:465:in `[]='
actionpack (5.0.0) lib/action_dispatch/middleware/session/cookie_store.rb:117:in `set_cookie'
rack (2.0.1) lib/rack/session/abstract/id.rb:353:in `commit_session'
rack (2.0.1) lib/rack/session/abstract/id.rb:224:in `context'
rack (2.0.1) lib/rack/session/abstract/id.rb:216:in `call'
actionpack (5.0.0) lib/action_dispatch/middleware/cookies.rb:613:in `call'
activerecord (5.0.0) lib/active_record/migration.rb:552:in `call'
actionpack (5.0.0) lib/action_dispatch/middleware/callbacks.rb:38:in `block in call'
activesupport (5.0.0) lib/active_support/callbacks.rb:97:in `__run_callbacks__'
activesupport (5.0.0) lib/active_support/callbacks.rb:750:in `_run_call_callbacks'
activesupport (5.0.0) lib/active_support/callbacks.rb:90:in `run_callbacks'
actionpack (5.0.0) lib/action_dispatch/middleware/callbacks.rb:36:in `call'
actionpack (5.0.0) lib/action_dispatch/middleware/executor.rb:12:in `call'
actionpack (5.0.0) lib/action_dispatch/middleware/remote_ip.rb:79:in `call'
actionpack (5.0.0) lib/action_dispatch/middleware/debug_exceptions.rb:49:in `call'
web-console (3.3.1) lib/web_console/middleware.rb:131:in `call_app'
web-console (3.3.1) lib/web_console/middleware.rb:20:in `block in call'
web-console (3.3.1) lib/web_console/middleware.rb:18:in `catch'
web-console (3.3.1) lib/web_console/middleware.rb:18:in `call'
actionpack (5.0.0) lib/action_dispatch/middleware/show_exceptions.rb:31:in `call'
railties (5.0.0) lib/rails/rack/logger.rb:36:in `call_app'
railties (5.0.0) lib/rails/rack/logger.rb:24:in `block in call'
activesupport (5.0.0) lib/active_support/tagged_logging.rb:70:in `block in tagged'
activesupport (5.0.0) lib/active_support/tagged_logging.rb:26:in `tagged'
activesupport (5.0.0) lib/active_support/tagged_logging.rb:70:in `tagged'
railties (5.0.0) lib/rails/rack/logger.rb:24:in `call'
sprockets-rails (3.1.1) lib/sprockets/rails/quiet_assets.rb:13:in `call'
actionpack (5.0.0) lib/action_dispatch/middleware/request_id.rb:24:in `call'
rack (2.0.1) lib/rack/method_override.rb:22:in `call'
rack (2.0.1) lib/rack/runtime.rb:22:in `call'
activesupport (5.0.0) lib/active_support/cache/strategy/local_cache_middleware.rb:28:in `call'
actionpack (5.0.0) lib/action_dispatch/middleware/executor.rb:12:in `call'
actionpack (5.0.0) lib/action_dispatch/middleware/static.rb:136:in `call'
rack (2.0.1) lib/rack/sendfile.rb:111:in `call'
railties (5.0.0) lib/rails/engine.rb:522:in `call'
puma (3.0.0) lib/puma/configuration.rb:221:in `call'
puma (3.0.0) lib/puma/server.rb:723:in `handle_request'
puma (3.0.0) lib/puma/server.rb:406:in `process_client'
puma (3.0.0) lib/puma/server.rb:271:in `block in run'
puma (3.0.0) lib/puma/thread_pool.rb:111:in `block in spawn_thread'
  Rendering /usr/local/rvm/gems/ruby-2.4.1/gems/actionpack-5.0.0/lib/action_dispatch/middleware/templates/rescues/diagnostics.html.erb within rescues/layout
  Rendering /usr/local/rvm/gems/ruby-2.4.1/gems/actionpack-5.0.0/lib/action_dispatch/middleware/templates/rescues/_source.html.erb
  Rendered /usr/local/rvm/gems/ruby-2.4.1/gems/actionpack-5.0.0/lib/action_dispatch/middleware/templates/rescues/_source.html.erb (2.2ms)
  Rendering /usr/local/rvm/gems/ruby-2.4.1/gems/actionpack-5.0.0/lib/action_dispatch/middleware/templates/rescues/_trace.html.erb
  Rendered /usr/local/rvm/gems/ruby-2.4.1/gems/actionpack-5.0.0/lib/action_dispatch/middleware/templates/rescues/_trace.html.erb (1.3ms)
  Rendering /usr/local/rvm/gems/ruby-2.4.1/gems/actionpack-5.0.0/lib/action_dispatch/middleware/templates/rescues/_request_and_response.html.erb
  Rendered /usr/local/rvm/gems/ruby-2.4.1/gems/actionpack-5.0.0/lib/action_dispatch/middleware/templates/rescues/_request_and_response.html.erb (0.6ms)
  Rendered /usr/local/rvm/gems/ruby-2.4.1/gems/actionpack-5.0.0/lib/action_dispatch/middleware/templates/rescues/diagnostics.html.erb within rescues/layout (18.2ms)
DEPRECATION WARNING: ActiveSupport.halt_callback_chains_on_return_false= is deprecated and will be removed in Rails 5.2. (called from <top (required)> at /home/ec2-user/environment/lion/config/initializers/new_framework_defaults.rb:21)
Started GET "/" for 69.91.132.151 at 2018-02-18 01:31:02 +0000
Cannot render console from 69.91.132.151! Allowed networks: 127.0.0.1, ::1, 127.0.0.0/127.255.255.255
Processing by Rails::WelcomeController#index as HTML
  Rendering /usr/local/rvm/gems/ruby-2.4.1/gems/railties-5.1.5/lib/rails/templates/rails/welcome/index.html.erb
  Rendered /usr/local/rvm/gems/ruby-2.4.1/gems/railties-5.1.5/lib/rails/templates/rails/welcome/index.html.erb (2.0ms)
Completed 200 OK in 96ms (Views: 5.1ms)


DEPRECATION WARNING: ActiveSupport.halt_callback_chains_on_return_false= is deprecated and will be removed in Rails 5.2. (called from <top (required)> at /home/ec2-user/environment/lion/config/initializers/new_framework_defaults.rb:21)
DEPRECATION WARNING: ActiveSupport.halt_callback_chains_on_return_false= is deprecated and will be removed in Rails 5.2. (called from <top (required)> at /home/ec2-user/environment/lion/config/initializers/new_framework_defaults.rb:21)
Started GET "/" for 69.91.132.151 at 2018-02-18 01:33:41 +0000
Cannot render console from 69.91.132.151! Allowed networks: 127.0.0.1, ::1, 127.0.0.0/127.255.255.255
  
ActiveRecord::PendingMigrationError (

Migrations are pending. To resolve this issue, run:

        bin/rails db:migrate RAILS_ENV=development

):
  
activerecord (5.1.5) lib/active_record/migration.rb:576:in `check_pending!'
activerecord (5.1.5) lib/active_record/migration.rb:553:in `call'
actionpack (5.1.5) lib/action_dispatch/middleware/callbacks.rb:26:in `block in call'
activesupport (5.1.5) lib/active_support/callbacks.rb:97:in `run_callbacks'
actionpack (5.1.5) lib/action_dispatch/middleware/callbacks.rb:24:in `call'
actionpack (5.1.5) lib/action_dispatch/middleware/executor.rb:12:in `call'
actionpack (5.1.5) lib/action_dispatch/middleware/debug_exceptions.rb:59:in `call'
web-console (3.5.1) lib/web_console/middleware.rb:135:in `call_app'
web-console (3.5.1) lib/web_console/middleware.rb:20:in `block in call'
web-console (3.5.1) lib/web_console/middleware.rb:18:in `catch'
web-console (3.5.1) lib/web_console/middleware.rb:18:in `call'
actionpack (5.1.5) lib/action_dispatch/middleware/show_exceptions.rb:31:in `call'
railties (5.1.5) lib/rails/rack/logger.rb:36:in `call_app'
railties (5.1.5) lib/rails/rack/logger.rb:24:in `block in call'
activesupport (5.1.5) lib/active_support/tagged_logging.rb:69:in `block in tagged'
activesupport (5.1.5) lib/active_support/tagged_logging.rb:26:in `tagged'
activesupport (5.1.5) lib/active_support/tagged_logging.rb:69:in `tagged'
railties (5.1.5) lib/rails/rack/logger.rb:24:in `call'
sprockets-rails (3.2.1) lib/sprockets/rails/quiet_assets.rb:13:in `call'
actionpack (5.1.5) lib/action_dispatch/middleware/remote_ip.rb:79:in `call'
actionpack (5.1.5) lib/action_dispatch/middleware/request_id.rb:25:in `call'
rack (2.0.4) lib/rack/method_override.rb:22:in `call'
rack (2.0.4) lib/rack/runtime.rb:22:in `call'
activesupport (5.1.5) lib/active_support/cache/strategy/local_cache_middleware.rb:27:in `call'
actionpack (5.1.5) lib/action_dispatch/middleware/executor.rb:12:in `call'
actionpack (5.1.5) lib/action_dispatch/middleware/static.rb:125:in `call'
rack (2.0.4) lib/rack/sendfile.rb:111:in `call'
railties (5.1.5) lib/rails/engine.rb:522:in `call'
puma (3.11.2) lib/puma/configuration.rb:225:in `call'
puma (3.11.2) lib/puma/server.rb:624:in `handle_request'
puma (3.11.2) lib/puma/server.rb:438:in `process_client'
puma (3.11.2) lib/puma/server.rb:302:in `block in run'
puma (3.11.2) lib/puma/thread_pool.rb:120:in `block in spawn_thread'
DEPRECATION WARNING: ActiveSupport.halt_callback_chains_on_return_false= is deprecated and will be removed in Rails 5.2. (called from <top (required)> at /home/ec2-user/environment/lion/config/initializers/new_framework_defaults.rb:21)
  [1m[35m (0.1ms)[0m  [1m[34mSELECT sqlite_version(*)[0m
  [1m[35m (6.9ms)[0m  [1m[35mCREATE TABLE "schema_migrations" ("version" varchar NOT NULL PRIMARY KEY)[0m
  [1m[35m (5.8ms)[0m  [1m[35mCREATE TABLE "ar_internal_metadata" ("key" varchar NOT NULL PRIMARY KEY, "value" varchar, "created_at" datetime NOT NULL, "updated_at" datetime NOT NULL)[0m
  [1m[35m (0.1ms)[0m  [1m[34mSELECT "schema_migrations"."version" FROM "schema_migrations" ORDER BY "schema_migrations"."version" ASC[0m
Migrating to CreatePosts (20180218013208)
  [1m[35m (0.1ms)[0m  [1m[36mbegin transaction[0m
  [1m[35m (0.2ms)[0m  [1m[35mCREATE TABLE "posts" ("id" INTEGER PRIMARY KEY AUTOINCREMENT NOT NULL, "title" varchar, "content" text, "created_at" datetime NOT NULL, "updated_at" datetime NOT NULL)[0m
  [1m[35mSQL (0.1ms)[0m  [1m[32mINSERT INTO "schema_migrations" ("version") VALUES (?)[0m  [["version", "20180218013208"]]
  [1m[35m (5.6ms)[0m  [1m[36mcommit transaction[0m
  [1m[36mActiveRecord::InternalMetadata Load (0.1ms)[0m  [1m[34mSELECT  "ar_internal_metadata".* FROM "ar_internal_metadata" WHERE "ar_internal_metadata"."key" = ? LIMIT ?[0m  [["key", "environment"], ["LIMIT", 1]]
  [1m[35m (0.0ms)[0m  [1m[36mbegin transaction[0m
  [1m[35mSQL (0.2ms)[0m  [1m[32mINSERT INTO "ar_internal_metadata" ("key", "value", "created_at", "updated_at") VALUES (?, ?, ?, ?)[0m  [["key", "environment"], ["value", "development"], ["created_at", "2018-02-18 01:33:55.774111"], ["updated_at", "2018-02-18 01:33:55.774111"]]
  [1m[35m (5.7ms)[0m  [1m[36mcommit transaction[0m
  [1m[35m (0.1ms)[0m  [1m[34mSELECT "schema_migrations"."version" FROM "schema_migrations" ORDER BY "schema_migrations"."version" ASC[0m
DEPRECATION WARNING: ActiveSupport.halt_callback_chains_on_return_false= is deprecated and will be removed in Rails 5.2. (called from <top (required)> at /home/ec2-user/environment/lion/config/initializers/new_framework_defaults.rb:21)
Started GET "/" for 69.91.132.151 at 2018-02-18 01:34:12 +0000
Cannot render console from 69.91.132.151! Allowed networks: 127.0.0.1, ::1, 127.0.0.0/127.255.255.255
  [1m[35m (0.1ms)[0m  [1m[34mSELECT "schema_migrations"."version" FROM "schema_migrations" ORDER BY "schema_migrations"."version" ASC[0m
Processing by Rails::WelcomeController#index as HTML
  Rendering /usr/local/rvm/gems/ruby-2.4.1/gems/railties-5.1.5/lib/rails/templates/rails/welcome/index.html.erb
  Rendered /usr/local/rvm/gems/ruby-2.4.1/gems/railties-5.1.5/lib/rails/templates/rails/welcome/index.html.erb (2.0ms)
Completed 200 OK in 12ms (Views: 4.8ms | ActiveRecord: 0.0ms)


DEPRECATION WARNING: ActiveSupport.halt_callback_chains_on_return_false= is deprecated and will be removed in Rails 5.2. (called from <top (required)> at /home/ec2-user/environment/lion/config/initializers/new_framework_defaults.rb:21)
Started GET "/" for 69.91.132.151 at 2018-02-18 01:34:39 +0000
Cannot render console from 69.91.132.151! Allowed networks: 127.0.0.1, ::1, 127.0.0.0/127.255.255.255
  [1m[35m (0.1ms)[0m  [1m[34mSELECT "schema_migrations"."version" FROM "schema_migrations" ORDER BY "schema_migrations"."version" ASC[0m
Processing by Rails::WelcomeController#index as HTML
  Rendering /usr/local/rvm/gems/ruby-2.4.1/gems/railties-5.1.5/lib/rails/templates/rails/welcome/index.html.erb
  Rendered /usr/local/rvm/gems/ruby-2.4.1/gems/railties-5.1.5/lib/rails/templates/rails/welcome/index.html.erb (2.0ms)
Completed 200 OK in 12ms (Views: 4.7ms | ActiveRecord: 0.0ms)


Started GET "/posts" for 69.91.132.151 at 2018-02-18 01:34:45 +0000
Cannot render console from 69.91.132.151! Allowed networks: 127.0.0.1, ::1, 127.0.0.0/127.255.255.255
Processing by PostsController#index as HTML
  Rendering posts/index.html.erb within layouts/application
  [1m[36mPost Load (0.1ms)[0m  [1m[34mSELECT "posts".* FROM "posts"[0m
  Rendered posts/index.html.erb within layouts/application (2.6ms)
Completed 200 OK in 630ms (Views: 627.3ms | ActiveRecord: 0.5ms)


Started GET "/" for 69.91.132.151 at 2018-02-18 01:34:50 +0000
Cannot render console from 69.91.132.151! Allowed networks: 127.0.0.1, ::1, 127.0.0.0/127.255.255.255
Processing by Rails::WelcomeController#index as HTML
  Rendering /usr/local/rvm/gems/ruby-2.4.1/gems/railties-5.1.5/lib/rails/templates/rails/welcome/index.html.erb
  Rendered /usr/local/rvm/gems/ruby-2.4.1/gems/railties-5.1.5/lib/rails/templates/rails/welcome/index.html.erb (2.2ms)
Completed 200 OK in 5ms (Views: 4.1ms | ActiveRecord: 0.0ms)


Started GET "/post" for 69.91.132.151 at 2018-02-18 01:35:08 +0000
Cannot render console from 69.91.132.151! Allowed networks: 127.0.0.1, ::1, 127.0.0.0/127.255.255.255
  
ActionController::RoutingError (No route matches [GET] "/post"):
  
actionpack (5.1.5) lib/action_dispatch/middleware/debug_exceptions.rb:63:in `call'
web-console (3.5.1) lib/web_console/middleware.rb:135:in `call_app'
web-console (3.5.1) lib/web_console/middleware.rb:20:in `block in call'
web-console (3.5.1) lib/web_console/middleware.rb:18:in `catch'
web-console (3.5.1) lib/web_console/middleware.rb:18:in `call'
actionpack (5.1.5) lib/action_dispatch/middleware/show_exceptions.rb:31:in `call'
railties (5.1.5) lib/rails/rack/logger.rb:36:in `call_app'
railties (5.1.5) lib/rails/rack/logger.rb:24:in `block in call'
activesupport (5.1.5) lib/active_support/tagged_logging.rb:69:in `block in tagged'
activesupport (5.1.5) lib/active_support/tagged_logging.rb:26:in `tagged'
activesupport (5.1.5) lib/active_support/tagged_logging.rb:69:in `tagged'
railties (5.1.5) lib/rails/rack/logger.rb:24:in `call'
sprockets-rails (3.2.1) lib/sprockets/rails/quiet_assets.rb:13:in `call'
actionpack (5.1.5) lib/action_dispatch/middleware/remote_ip.rb:79:in `call'
actionpack (5.1.5) lib/action_dispatch/middleware/request_id.rb:25:in `call'
rack (2.0.4) lib/rack/method_override.rb:22:in `call'
rack (2.0.4) lib/rack/runtime.rb:22:in `call'
activesupport (5.1.5) lib/active_support/cache/strategy/local_cache_middleware.rb:27:in `call'
actionpack (5.1.5) lib/action_dispatch/middleware/executor.rb:12:in `call'
actionpack (5.1.5) lib/action_dispatch/middleware/static.rb:125:in `call'
rack (2.0.4) lib/rack/sendfile.rb:111:in `call'
railties (5.1.5) lib/rails/engine.rb:522:in `call'
puma (3.11.2) lib/puma/configuration.rb:225:in `call'
puma (3.11.2) lib/puma/server.rb:624:in `handle_request'
puma (3.11.2) lib/puma/server.rb:438:in `process_client'
puma (3.11.2) lib/puma/server.rb:302:in `block in run'
puma (3.11.2) lib/puma/thread_pool.rb:120:in `block in spawn_thread'
Started GET "/posts" for 69.91.132.151 at 2018-02-18 01:35:11 +0000
Cannot render console from 69.91.132.151! Allowed networks: 127.0.0.1, ::1, 127.0.0.0/127.255.255.255
Processing by PostsController#index as HTML
  Rendering posts/index.html.erb within layouts/application
  [1m[36mPost Load (0.2ms)[0m  [1m[34mSELECT "posts".* FROM "posts"[0m
  Rendered posts/index.html.erb within layouts/application (1.6ms)
Completed 200 OK in 17ms (Views: 15.4ms | ActiveRecord: 0.2ms)


Started GET "/posts/new" for 69.91.132.151 at 2018-02-18 01:35:12 +0000
Cannot render console from 69.91.132.151! Allowed networks: 127.0.0.1, ::1, 127.0.0.0/127.255.255.255
Processing by PostsController#new as HTML
  Rendering posts/new.html.erb within layouts/application
  Rendered posts/_form.html.erb (5.9ms)
  Rendered posts/new.html.erb within layouts/application (7.0ms)
Completed 200 OK in 26ms (Views: 20.7ms | ActiveRecord: 0.4ms)


Started POST "/posts" for 69.91.132.151 at 2018-02-18 01:35:14 +0000
Cannot render console from 69.91.132.151! Allowed networks: 127.0.0.1, ::1, 127.0.0.0/127.255.255.255
Processing by PostsController#create as HTML
  Parameters: {"utf8"=>"✓", "authenticity_token"=>"7ehVd5jJrGIWtMRL3iH3aTlYIvJGGa7a+uWWdbn6IYash3dshe9HMWOFXX3pfWloX9S1kjb40pxPgQJi6G0mjQ==", "post"=>{"title"=>"wef", "content"=>"wef"}, "commit"=>"Create Post"}
  [1m[35m (0.1ms)[0m  [1m[36mbegin transaction[0m
  [1m[35mSQL (0.2ms)[0m  [1m[32mINSERT INTO "posts" ("title", "content", "created_at", "updated_at") VALUES (?, ?, ?, ?)[0m  [["title", "wef"], ["content", "wef"], ["created_at", "2018-02-18 01:35:14.707532"], ["updated_at", "2018-02-18 01:35:14.707532"]]
  [1m[35m (4.7ms)[0m  [1m[36mcommit transaction[0m
Redirected to https://aeadc693f2024583b63a2c0380c92d72.vfs.cloud9.us-west-2.amazonaws.com/posts/1
Completed 302 Found in 10ms (ActiveRecord: 5.0ms)


Started GET "/posts/1" for 69.91.132.151 at 2018-02-18 01:35:14 +0000
Cannot render console from 69.91.132.151! Allowed networks: 127.0.0.1, ::1, 127.0.0.0/127.255.255.255
Processing by PostsController#show as HTML
  Parameters: {"id"=>"1"}
  [1m[36mPost Load (0.2ms)[0m  [1m[34mSELECT  "posts".* FROM "posts" WHERE "posts"."id" = ? LIMIT ?[0m  [["id", 1], ["LIMIT", 1]]
  Rendering posts/show.html.erb within layouts/application
  Rendered posts/show.html.erb within layouts/application (0.7ms)
Completed 200 OK in 18ms (Views: 14.5ms | ActiveRecord: 0.2ms)


Started GET "/posts/1/edit" for 69.91.132.151 at 2018-02-18 01:35:16 +0000
Cannot render console from 69.91.132.151! Allowed networks: 127.0.0.1, ::1, 127.0.0.0/127.255.255.255
Processing by PostsController#edit as HTML
  Parameters: {"id"=>"1"}
  [1m[36mPost Load (0.2ms)[0m  [1m[34mSELECT  "posts".* FROM "posts" WHERE "posts"."id" = ? LIMIT ?[0m  [["id", 1], ["LIMIT", 1]]
  Rendering posts/edit.html.erb within layouts/application
  Rendered posts/_form.html.erb (1.9ms)
  Rendered posts/edit.html.erb within layouts/application (3.0ms)
Completed 200 OK in 20ms (Views: 17.8ms | ActiveRecord: 0.2ms)


Started PATCH "/posts/1" for 69.91.132.151 at 2018-02-18 01:35:17 +0000
Cannot render console from 69.91.132.151! Allowed networks: 127.0.0.1, ::1, 127.0.0.0/127.255.255.255
Processing by PostsController#update as HTML
  Parameters: {"utf8"=>"✓", "authenticity_token"=>"r0mbMfpbM6IqEQGHo1++vVssZ5g4nuOt8JJAlXvEkoNJmag4tBWycWL7r5s7Wu3t0gOqHdcAHsSbqKaPmmmRSQ==", "post"=>{"title"=>"wef", "content"=>"wef"}, "commit"=>"Update Post", "id"=>"1"}
  [1m[36mPost Load (0.1ms)[0m  [1m[34mSELECT  "posts".* FROM "posts" WHERE "posts"."id" = ? LIMIT ?[0m  [["id", 1], ["LIMIT", 1]]
  [1m[35m (0.1ms)[0m  [1m[36mbegin transaction[0m
  [1m[35m (0.1ms)[0m  [1m[36mcommit transaction[0m
Redirected to https://aeadc693f2024583b63a2c0380c92d72.vfs.cloud9.us-west-2.amazonaws.com/posts/1
Completed 302 Found in 3ms (ActiveRecord: 0.2ms)


Started GET "/posts/1" for 69.91.132.151 at 2018-02-18 01:35:17 +0000
Cannot render console from 69.91.132.151! Allowed networks: 127.0.0.1, ::1, 127.0.0.0/127.255.255.255
Processing by PostsController#show as HTML
  Parameters: {"id"=>"1"}
  [1m[36mPost Load (0.1ms)[0m  [1m[34mSELECT  "posts".* FROM "posts" WHERE "posts"."id" = ? LIMIT ?[0m  [["id", 1], ["LIMIT", 1]]
  Rendering posts/show.html.erb within layouts/application
  Rendered posts/show.html.erb within layouts/application (0.6ms)
Completed 200 OK in 15ms (Views: 14.3ms | ActiveRecord: 0.1ms)


Started GET "/posts" for 69.91.132.151 at 2018-02-18 01:35:18 +0000
Cannot render console from 69.91.132.151! Allowed networks: 127.0.0.1, ::1, 127.0.0.0/127.255.255.255
Processing by PostsController#index as HTML
  Rendering posts/index.html.erb within layouts/application
  [1m[36mPost Load (0.2ms)[0m  [1m[34mSELECT "posts".* FROM "posts"[0m
  Rendered posts/index.html.erb within layouts/application (1.7ms)
Completed 200 OK in 16ms (Views: 14.8ms | ActiveRecord: 0.2ms)


Started GET "/posts/new" for 69.91.132.151 at 2018-02-18 01:35:21 +0000
Cannot render console from 69.91.132.151! Allowed networks: 127.0.0.1, ::1, 127.0.0.0/127.255.255.255
Processing by PostsController#new as HTML
  Rendering posts/new.html.erb within layouts/application
  Rendered posts/_form.html.erb (1.7ms)
  Rendered posts/new.html.erb within layouts/application (2.8ms)
Completed 200 OK in 18ms (Views: 16.8ms | ActiveRecord: 0.0ms)


Started POST "/posts" for 69.91.132.151 at 2018-02-18 01:35:23 +0000
Cannot render console from 69.91.132.151! Allowed networks: 127.0.0.1, ::1, 127.0.0.0/127.255.255.255
Processing by PostsController#create as HTML
  Parameters: {"utf8"=>"✓", "authenticity_token"=>"yrawrAWTK1/PLWgxS+1OquHMjq6hanEv9yDkWi2UOKGL2ZK3GLXADLoc8Qd8sdCrh0AZztGLDWlCRHBNfAM/qg==", "post"=>{"title"=>"wef", "content"=>"wef"}, "commit"=>"Create Post"}
  [1m[35m (0.1ms)[0m  [1m[36mbegin transaction[0m
  [1m[35mSQL (1.2ms)[0m  [1m[32mINSERT INTO "posts" ("title", "content", "created_at", "updated_at") VALUES (?, ?, ?, ?)[0m  [["title", "wef"], ["content", "wef"], ["created_at", "2018-02-18 01:35:23.019312"], ["updated_at", "2018-02-18 01:35:23.019312"]]
  [1m[35m (5.6ms)[0m  [1m[36mcommit transaction[0m
Redirected to https://aeadc693f2024583b63a2c0380c92d72.vfs.cloud9.us-west-2.amazonaws.com/posts/2
Completed 302 Found in 11ms (ActiveRecord: 6.9ms)


Started GET "/posts/2" for 69.91.132.151 at 2018-02-18 01:35:23 +0000
Cannot render console from 69.91.132.151! Allowed networks: 127.0.0.1, ::1, 127.0.0.0/127.255.255.255
Processing by PostsController#show as HTML
  Parameters: {"id"=>"2"}
  [1m[36mPost Load (0.1ms)[0m  [1m[34mSELECT  "posts".* FROM "posts" WHERE "posts"."id" = ? LIMIT ?[0m  [["id", 2], ["LIMIT", 1]]
  Rendering posts/show.html.erb within layouts/application
  Rendered posts/show.html.erb within layouts/application (1.0ms)
Completed 200 OK in 16ms (Views: 15.0ms | ActiveRecord: 0.1ms)


Started GET "/posts" for 69.91.132.151 at 2018-02-18 01:35:24 +0000
Cannot render console from 69.91.132.151! Allowed networks: 127.0.0.1, ::1, 127.0.0.0/127.255.255.255
Processing by PostsController#index as HTML
  Rendering posts/index.html.erb within layouts/application
  [1m[36mPost Load (0.2ms)[0m  [1m[34mSELECT "posts".* FROM "posts"[0m
  Rendered posts/index.html.erb within layouts/application (2.1ms)
Completed 200 OK in 23ms (Views: 21.8ms | ActiveRecord: 0.2ms)


Started GET "/posts/1/edit" for 69.91.132.151 at 2018-02-18 01:35:28 +0000
Cannot render console from 69.91.132.151! Allowed networks: 127.0.0.1, ::1, 127.0.0.0/127.255.255.255
Processing by PostsController#edit as HTML
  Parameters: {"id"=>"1"}
  [1m[36mPost Load (0.1ms)[0m  [1m[34mSELECT  "posts".* FROM "posts" WHERE "posts"."id" = ? LIMIT ?[0m  [["id", 1], ["LIMIT", 1]]
  Rendering posts/edit.html.erb within layouts/application
  Rendered posts/_form.html.erb (1.8ms)
  Rendered posts/edit.html.erb within layouts/application (3.6ms)
Completed 200 OK in 18ms (Views: 16.4ms | ActiveRecord: 0.1ms)


Started GET "/posts/1" for 69.91.132.151 at 2018-02-18 01:35:30 +0000
Cannot render console from 69.91.132.151! Allowed networks: 127.0.0.1, ::1, 127.0.0.0/127.255.255.255
Processing by PostsController#show as HTML
  Parameters: {"id"=>"1"}
  [1m[36mPost Load (0.1ms)[0m  [1m[34mSELECT  "posts".* FROM "posts" WHERE "posts"."id" = ? LIMIT ?[0m  [["id", 1], ["LIMIT", 1]]
  Rendering posts/show.html.erb within layouts/application
  Rendered posts/show.html.erb within layouts/application (0.7ms)
Completed 200 OK in 16ms (Views: 14.0ms | ActiveRecord: 0.1ms)


Started GET "/" for 69.91.132.151 at 2018-02-18 01:35:36 +0000
Cannot render console from 69.91.132.151! Allowed networks: 127.0.0.1, ::1, 127.0.0.0/127.255.255.255
Processing by Rails::WelcomeController#index as HTML
  Rendering /usr/local/rvm/gems/ruby-2.4.1/gems/railties-5.1.5/lib/rails/templates/rails/welcome/index.html.erb
  Rendered /usr/local/rvm/gems/ruby-2.4.1/gems/railties-5.1.5/lib/rails/templates/rails/welcome/index.html.erb (1.6ms)
Completed 200 OK in 4ms (Views: 2.8ms | ActiveRecord: 0.0ms)


DEPRECATION WARNING: ActiveSupport.halt_callback_chains_on_return_false= is deprecated and will be removed in Rails 5.2. (called from <top (required)> at /home/ec2-user/environment/lion/config/initializers/new_framework_defaults.rb:21)
DEPRECATION WARNING: ActiveSupport.halt_callback_chains_on_return_false= is deprecated and will be removed in Rails 5.2. (called from <top (required)> at /home/ec2-user/environment/lion/config/initializers/new_framework_defaults.rb:21)
Started GET "/" for 69.91.159.68 at 2018-03-08 02:27:15 +0000
Cannot render console from 69.91.159.68! Allowed networks: 127.0.0.1, ::1, 127.0.0.0/127.255.255.255
  [1m[35m (0.1ms)[0m  [1m[34mSELECT "schema_migrations"."version" FROM "schema_migrations" ORDER BY "schema_migrations"."version" ASC[0m
Processing by Rails::WelcomeController#index as HTML
  Rendering /usr/local/rvm/gems/ruby-2.4.1/gems/railties-5.1.5/lib/rails/templates/rails/welcome/index.html.erb
  Rendered /usr/local/rvm/gems/ruby-2.4.1/gems/railties-5.1.5/lib/rails/templates/rails/welcome/index.html.erb (2.5ms)
Completed 200 OK in 15ms (Views: 6.9ms | ActiveRecord: 0.0ms)


Started GET "/rails/db" for 69.91.159.68 at 2018-03-08 02:27:21 +0000
Cannot render console from 69.91.159.68! Allowed networks: 127.0.0.1, ::1, 127.0.0.0/127.255.255.255
  
ActionController::RoutingError (No route matches [GET] "/rails/db"):
  
actionpack (5.1.5) lib/action_dispatch/middleware/debug_exceptions.rb:63:in `call'
web-console (3.5.1) lib/web_console/middleware.rb:135:in `call_app'
web-console (3.5.1) lib/web_console/middleware.rb:20:in `block in call'
web-console (3.5.1) lib/web_console/middleware.rb:18:in `catch'
web-console (3.5.1) lib/web_console/middleware.rb:18:in `call'
actionpack (5.1.5) lib/action_dispatch/middleware/show_exceptions.rb:31:in `call'
railties (5.1.5) lib/rails/rack/logger.rb:36:in `call_app'
railties (5.1.5) lib/rails/rack/logger.rb:24:in `block in call'
activesupport (5.1.5) lib/active_support/tagged_logging.rb:69:in `block in tagged'
activesupport (5.1.5) lib/active_support/tagged_logging.rb:26:in `tagged'
activesupport (5.1.5) lib/active_support/tagged_logging.rb:69:in `tagged'
railties (5.1.5) lib/rails/rack/logger.rb:24:in `call'
sprockets-rails (3.2.1) lib/sprockets/rails/quiet_assets.rb:13:in `call'
actionpack (5.1.5) lib/action_dispatch/middleware/remote_ip.rb:79:in `call'
actionpack (5.1.5) lib/action_dispatch/middleware/request_id.rb:25:in `call'
rack (2.0.4) lib/rack/method_override.rb:22:in `call'
rack (2.0.4) lib/rack/runtime.rb:22:in `call'
activesupport (5.1.5) lib/active_support/cache/strategy/local_cache_middleware.rb:27:in `call'
actionpack (5.1.5) lib/action_dispatch/middleware/executor.rb:12:in `call'
actionpack (5.1.5) lib/action_dispatch/middleware/static.rb:125:in `call'
rack (2.0.4) lib/rack/sendfile.rb:111:in `call'
railties (5.1.5) lib/rails/engine.rb:522:in `call'
puma (3.11.2) lib/puma/configuration.rb:225:in `call'
puma (3.11.2) lib/puma/server.rb:624:in `handle_request'
puma (3.11.2) lib/puma/server.rb:438:in `process_client'
puma (3.11.2) lib/puma/server.rb:302:in `block in run'
puma (3.11.2) lib/puma/thread_pool.rb:120:in `block in spawn_thread'
Started GET "/rake/db" for 69.91.159.68 at 2018-03-08 02:27:27 +0000
Cannot render console from 69.91.159.68! Allowed networks: 127.0.0.1, ::1, 127.0.0.0/127.255.255.255
  
ActionController::RoutingError (No route matches [GET] "/rake/db"):
  
actionpack (5.1.5) lib/action_dispatch/middleware/debug_exceptions.rb:63:in `call'
web-console (3.5.1) lib/web_console/middleware.rb:135:in `call_app'
web-console (3.5.1) lib/web_console/middleware.rb:20:in `block in call'
web-console (3.5.1) lib/web_console/middleware.rb:18:in `catch'
web-console (3.5.1) lib/web_console/middleware.rb:18:in `call'
actionpack (5.1.5) lib/action_dispatch/middleware/show_exceptions.rb:31:in `call'
railties (5.1.5) lib/rails/rack/logger.rb:36:in `call_app'
railties (5.1.5) lib/rails/rack/logger.rb:24:in `block in call'
activesupport (5.1.5) lib/active_support/tagged_logging.rb:69:in `block in tagged'
activesupport (5.1.5) lib/active_support/tagged_logging.rb:26:in `tagged'
activesupport (5.1.5) lib/active_support/tagged_logging.rb:69:in `tagged'
railties (5.1.5) lib/rails/rack/logger.rb:24:in `call'
sprockets-rails (3.2.1) lib/sprockets/rails/quiet_assets.rb:13:in `call'
actionpack (5.1.5) lib/action_dispatch/middleware/remote_ip.rb:79:in `call'
actionpack (5.1.5) lib/action_dispatch/middleware/request_id.rb:25:in `call'
rack (2.0.4) lib/rack/method_override.rb:22:in `call'
rack (2.0.4) lib/rack/runtime.rb:22:in `call'
activesupport (5.1.5) lib/active_support/cache/strategy/local_cache_middleware.rb:27:in `call'
actionpack (5.1.5) lib/action_dispatch/middleware/executor.rb:12:in `call'
actionpack (5.1.5) lib/action_dispatch/middleware/static.rb:125:in `call'
rack (2.0.4) lib/rack/sendfile.rb:111:in `call'
railties (5.1.5) lib/rails/engine.rb:522:in `call'
puma (3.11.2) lib/puma/configuration.rb:225:in `call'
puma (3.11.2) lib/puma/server.rb:624:in `handle_request'
puma (3.11.2) lib/puma/server.rb:438:in `process_client'
puma (3.11.2) lib/puma/server.rb:302:in `block in run'
puma (3.11.2) lib/puma/thread_pool.rb:120:in `block in spawn_thread'
Started GET "/rails/db" for 69.91.159.68 at 2018-03-08 02:27:33 +0000
Cannot render console from 69.91.159.68! Allowed networks: 127.0.0.1, ::1, 127.0.0.0/127.255.255.255
  
ActionController::RoutingError (No route matches [GET] "/rails/db"):
  
actionpack (5.1.5) lib/action_dispatch/middleware/debug_exceptions.rb:63:in `call'
web-console (3.5.1) lib/web_console/middleware.rb:135:in `call_app'
web-console (3.5.1) lib/web_console/middleware.rb:20:in `block in call'
web-console (3.5.1) lib/web_console/middleware.rb:18:in `catch'
web-console (3.5.1) lib/web_console/middleware.rb:18:in `call'
actionpack (5.1.5) lib/action_dispatch/middleware/show_exceptions.rb:31:in `call'
railties (5.1.5) lib/rails/rack/logger.rb:36:in `call_app'
railties (5.1.5) lib/rails/rack/logger.rb:24:in `block in call'
activesupport (5.1.5) lib/active_support/tagged_logging.rb:69:in `block in tagged'
activesupport (5.1.5) lib/active_support/tagged_logging.rb:26:in `tagged'
activesupport (5.1.5) lib/active_support/tagged_logging.rb:69:in `tagged'
railties (5.1.5) lib/rails/rack/logger.rb:24:in `call'
sprockets-rails (3.2.1) lib/sprockets/rails/quiet_assets.rb:13:in `call'
actionpack (5.1.5) lib/action_dispatch/middleware/remote_ip.rb:79:in `call'
actionpack (5.1.5) lib/action_dispatch/middleware/request_id.rb:25:in `call'
rack (2.0.4) lib/rack/method_override.rb:22:in `call'
rack (2.0.4) lib/rack/runtime.rb:22:in `call'
activesupport (5.1.5) lib/active_support/cache/strategy/local_cache_middleware.rb:27:in `call'
actionpack (5.1.5) lib/action_dispatch/middleware/executor.rb:12:in `call'
actionpack (5.1.5) lib/action_dispatch/middleware/static.rb:125:in `call'
rack (2.0.4) lib/rack/sendfile.rb:111:in `call'
railties (5.1.5) lib/rails/engine.rb:522:in `call'
puma (3.11.2) lib/puma/configuration.rb:225:in `call'
puma (3.11.2) lib/puma/server.rb:624:in `handle_request'
puma (3.11.2) lib/puma/server.rb:438:in `process_client'
puma (3.11.2) lib/puma/server.rb:302:in `block in run'
puma (3.11.2) lib/puma/thread_pool.rb:120:in `block in spawn_thread'
DEPRECATION WARNING: ActiveSupport.halt_callback_chains_on_return_false= is deprecated and will be removed in Rails 5.2. (called from <top (required)> at /home/ec2-user/environment/lion/config/initializers/new_framework_defaults.rb:21)
  [1m[35m (0.1ms)[0m  [1m[34mSELECT "schema_migrations"."version" FROM "schema_migrations" ORDER BY "schema_migrations"."version" ASC[0m
  [1m[36mActiveRecord::InternalMetadata Load (0.1ms)[0m  [1m[34mSELECT  "ar_internal_metadata".* FROM "ar_internal_metadata" WHERE "ar_internal_metadata"."key" = ? LIMIT ?[0m  [["key", "environment"], ["LIMIT", 1]]
  [1m[35m (0.0ms)[0m  [1m[36mbegin transaction[0m
  [1m[35m (0.0ms)[0m  [1m[36mcommit transaction[0m
  [1m[35m (0.1ms)[0m  [1m[34mSELECT "schema_migrations"."version" FROM "schema_migrations" ORDER BY "schema_migrations"."version" ASC[0m
DEPRECATION WARNING: ActiveSupport.halt_callback_chains_on_return_false= is deprecated and will be removed in Rails 5.2. (called from <top (required)> at /home/ec2-user/environment/lion/config/initializers/new_framework_defaults.rb:21)
Started GET "/" for 69.91.159.68 at 2018-03-08 02:30:16 +0000
Cannot render console from 69.91.159.68! Allowed networks: 127.0.0.1, ::1, 127.0.0.0/127.255.255.255
  [1m[35m (0.1ms)[0m  [1m[34mSELECT "schema_migrations"."version" FROM "schema_migrations" ORDER BY "schema_migrations"."version" ASC[0m
Processing by Rails::WelcomeController#index as HTML
  Rendering /usr/local/rvm/gems/ruby-2.4.1/gems/railties-5.1.5/lib/rails/templates/rails/welcome/index.html.erb
  Rendered /usr/local/rvm/gems/ruby-2.4.1/gems/railties-5.1.5/lib/rails/templates/rails/welcome/index.html.erb (2.0ms)
Completed 200 OK in 11ms (Views: 4.8ms | ActiveRecord: 0.0ms)


Started GET "/rails/db" for 69.91.159.68 at 2018-03-08 02:30:22 +0000
Cannot render console from 69.91.159.68! Allowed networks: 127.0.0.1, ::1, 127.0.0.0/127.255.255.255
  
ActionController::RoutingError (No route matches [GET] "/rails/db"):
  
actionpack (5.1.5) lib/action_dispatch/middleware/debug_exceptions.rb:63:in `call'
web-console (3.5.1) lib/web_console/middleware.rb:135:in `call_app'
web-console (3.5.1) lib/web_console/middleware.rb:20:in `block in call'
web-console (3.5.1) lib/web_console/middleware.rb:18:in `catch'
web-console (3.5.1) lib/web_console/middleware.rb:18:in `call'
actionpack (5.1.5) lib/action_dispatch/middleware/show_exceptions.rb:31:in `call'
railties (5.1.5) lib/rails/rack/logger.rb:36:in `call_app'
railties (5.1.5) lib/rails/rack/logger.rb:24:in `block in call'
activesupport (5.1.5) lib/active_support/tagged_logging.rb:69:in `block in tagged'
activesupport (5.1.5) lib/active_support/tagged_logging.rb:26:in `tagged'
activesupport (5.1.5) lib/active_support/tagged_logging.rb:69:in `tagged'
railties (5.1.5) lib/rails/rack/logger.rb:24:in `call'
sprockets-rails (3.2.1) lib/sprockets/rails/quiet_assets.rb:13:in `call'
actionpack (5.1.5) lib/action_dispatch/middleware/remote_ip.rb:79:in `call'
actionpack (5.1.5) lib/action_dispatch/middleware/request_id.rb:25:in `call'
rack (2.0.4) lib/rack/method_override.rb:22:in `call'
rack (2.0.4) lib/rack/runtime.rb:22:in `call'
activesupport (5.1.5) lib/active_support/cache/strategy/local_cache_middleware.rb:27:in `call'
actionpack (5.1.5) lib/action_dispatch/middleware/executor.rb:12:in `call'
actionpack (5.1.5) lib/action_dispatch/middleware/static.rb:125:in `call'
rack (2.0.4) lib/rack/sendfile.rb:111:in `call'
railties (5.1.5) lib/rails/engine.rb:522:in `call'
puma (3.11.2) lib/puma/configuration.rb:225:in `call'
puma (3.11.2) lib/puma/server.rb:624:in `handle_request'
puma (3.11.2) lib/puma/server.rb:438:in `process_client'
puma (3.11.2) lib/puma/server.rb:302:in `block in run'
puma (3.11.2) lib/puma/thread_pool.rb:120:in `block in spawn_thread'
Started GET "/" for 69.91.159.68 at 2018-03-08 02:30:40 +0000
Cannot render console from 69.91.159.68! Allowed networks: 127.0.0.1, ::1, 127.0.0.0/127.255.255.255
Processing by Rails::WelcomeController#index as HTML
  Rendering /usr/local/rvm/gems/ruby-2.4.1/gems/railties-5.1.5/lib/rails/templates/rails/welcome/index.html.erb
  Rendered /usr/local/rvm/gems/ruby-2.4.1/gems/railties-5.1.5/lib/rails/templates/rails/welcome/index.html.erb (2.3ms)
Completed 200 OK in 4ms (Views: 3.3ms | ActiveRecord: 0.0ms)


Started GET "/rails/db" for 69.91.159.68 at 2018-03-08 02:30:44 +0000
Cannot render console from 69.91.159.68! Allowed networks: 127.0.0.1, ::1, 127.0.0.0/127.255.255.255
  
ActionController::RoutingError (No route matches [GET] "/rails/db"):
  
actionpack (5.1.5) lib/action_dispatch/middleware/debug_exceptions.rb:63:in `call'
web-console (3.5.1) lib/web_console/middleware.rb:135:in `call_app'
web-console (3.5.1) lib/web_console/middleware.rb:20:in `block in call'
web-console (3.5.1) lib/web_console/middleware.rb:18:in `catch'
web-console (3.5.1) lib/web_console/middleware.rb:18:in `call'
actionpack (5.1.5) lib/action_dispatch/middleware/show_exceptions.rb:31:in `call'
railties (5.1.5) lib/rails/rack/logger.rb:36:in `call_app'
railties (5.1.5) lib/rails/rack/logger.rb:24:in `block in call'
activesupport (5.1.5) lib/active_support/tagged_logging.rb:69:in `block in tagged'
activesupport (5.1.5) lib/active_support/tagged_logging.rb:26:in `tagged'
activesupport (5.1.5) lib/active_support/tagged_logging.rb:69:in `tagged'
railties (5.1.5) lib/rails/rack/logger.rb:24:in `call'
sprockets-rails (3.2.1) lib/sprockets/rails/quiet_assets.rb:13:in `call'
actionpack (5.1.5) lib/action_dispatch/middleware/remote_ip.rb:79:in `call'
actionpack (5.1.5) lib/action_dispatch/middleware/request_id.rb:25:in `call'
rack (2.0.4) lib/rack/method_override.rb:22:in `call'
rack (2.0.4) lib/rack/runtime.rb:22:in `call'
activesupport (5.1.5) lib/active_support/cache/strategy/local_cache_middleware.rb:27:in `call'
actionpack (5.1.5) lib/action_dispatch/middleware/executor.rb:12:in `call'
actionpack (5.1.5) lib/action_dispatch/middleware/static.rb:125:in `call'
rack (2.0.4) lib/rack/sendfile.rb:111:in `call'
railties (5.1.5) lib/rails/engine.rb:522:in `call'
puma (3.11.2) lib/puma/configuration.rb:225:in `call'
puma (3.11.2) lib/puma/server.rb:624:in `handle_request'
puma (3.11.2) lib/puma/server.rb:438:in `process_client'
puma (3.11.2) lib/puma/server.rb:302:in `block in run'
puma (3.11.2) lib/puma/thread_pool.rb:120:in `block in spawn_thread'
Started GET "/" for 69.91.159.68 at 2018-03-08 02:31:56 +0000
Cannot render console from 69.91.159.68! Allowed networks: 127.0.0.1, ::1, 127.0.0.0/127.255.255.255
Processing by Rails::WelcomeController#index as HTML
  Rendering /usr/local/rvm/gems/ruby-2.4.1/gems/railties-5.1.5/lib/rails/templates/rails/welcome/index.html.erb
  Rendered /usr/local/rvm/gems/ruby-2.4.1/gems/railties-5.1.5/lib/rails/templates/rails/welcome/index.html.erb (1.7ms)
Completed 200 OK in 4ms (Views: 3.4ms | ActiveRecord: 0.0ms)


Started GET "/rails/db" for 69.91.159.68 at 2018-03-08 02:32:01 +0000
Cannot render console from 69.91.159.68! Allowed networks: 127.0.0.1, ::1, 127.0.0.0/127.255.255.255
  
ActionController::RoutingError (No route matches [GET] "/rails/db"):
  
actionpack (5.1.5) lib/action_dispatch/middleware/debug_exceptions.rb:63:in `call'
web-console (3.5.1) lib/web_console/middleware.rb:135:in `call_app'
web-console (3.5.1) lib/web_console/middleware.rb:20:in `block in call'
web-console (3.5.1) lib/web_console/middleware.rb:18:in `catch'
web-console (3.5.1) lib/web_console/middleware.rb:18:in `call'
actionpack (5.1.5) lib/action_dispatch/middleware/show_exceptions.rb:31:in `call'
railties (5.1.5) lib/rails/rack/logger.rb:36:in `call_app'
railties (5.1.5) lib/rails/rack/logger.rb:24:in `block in call'
activesupport (5.1.5) lib/active_support/tagged_logging.rb:69:in `block in tagged'
activesupport (5.1.5) lib/active_support/tagged_logging.rb:26:in `tagged'
activesupport (5.1.5) lib/active_support/tagged_logging.rb:69:in `tagged'
railties (5.1.5) lib/rails/rack/logger.rb:24:in `call'
sprockets-rails (3.2.1) lib/sprockets/rails/quiet_assets.rb:13:in `call'
actionpack (5.1.5) lib/action_dispatch/middleware/remote_ip.rb:79:in `call'
actionpack (5.1.5) lib/action_dispatch/middleware/request_id.rb:25:in `call'
rack (2.0.4) lib/rack/method_override.rb:22:in `call'
rack (2.0.4) lib/rack/runtime.rb:22:in `call'
activesupport (5.1.5) lib/active_support/cache/strategy/local_cache_middleware.rb:27:in `call'
actionpack (5.1.5) lib/action_dispatch/middleware/executor.rb:12:in `call'
actionpack (5.1.5) lib/action_dispatch/middleware/static.rb:125:in `call'
rack (2.0.4) lib/rack/sendfile.rb:111:in `call'
railties (5.1.5) lib/rails/engine.rb:522:in `call'
puma (3.11.2) lib/puma/configuration.rb:225:in `call'
puma (3.11.2) lib/puma/server.rb:624:in `handle_request'
puma (3.11.2) lib/puma/server.rb:438:in `process_client'
puma (3.11.2) lib/puma/server.rb:302:in `block in run'
puma (3.11.2) lib/puma/thread_pool.rb:120:in `block in spawn_thread'
DEPRECATION WARNING: ActiveSupport.halt_callback_chains_on_return_false= is deprecated and will be removed in Rails 5.2. (called from <top (required)> at /home/ec2-user/environment/lion/config/initializers/new_framework_defaults.rb:21)
  [1m[35m (0.1ms)[0m  [1m[34mSELECT "schema_migrations"."version" FROM "schema_migrations" ORDER BY "schema_migrations"."version" ASC[0m
  [1m[35m (0.1ms)[0m  [1m[34mSELECT "ar_internal_metadata"."value" FROM "ar_internal_metadata" WHERE "ar_internal_metadata"."key" = ?[0m  [["key", "environment"]]
  [1m[35m (0.1ms)[0m  [1m[34mSELECT "schema_migrations"."version" FROM "schema_migrations" ORDER BY "schema_migrations"."version" ASC[0m
  [1m[35m (0.1ms)[0m  [1m[34mSELECT "ar_internal_metadata"."value" FROM "ar_internal_metadata" WHERE "ar_internal_metadata"."key" = ?[0m  [["key", "environment"]]
  [1m[35m (0.1ms)[0m  [1m[34mSELECT "schema_migrations"."version" FROM "schema_migrations" ORDER BY "schema_migrations"."version" ASC[0m
  [1m[35m (0.1ms)[0m  [1m[34mSELECT "ar_internal_metadata"."value" FROM "ar_internal_metadata" WHERE "ar_internal_metadata"."key" = ?[0m  [["key", "environment"]]
DEPRECATION WARNING: ActiveSupport.halt_callback_chains_on_return_false= is deprecated and will be removed in Rails 5.2. (called from <top (required)> at /home/ec2-user/environment/lion/config/initializers/new_framework_defaults.rb:21)
  [1m[35m (0.1ms)[0m  [1m[34mSELECT sqlite_version(*)[0m
  [1m[35m (4.9ms)[0m  [1m[35mCREATE TABLE "schema_migrations" ("version" varchar NOT NULL PRIMARY KEY)[0m
  [1m[35m (6.2ms)[0m  [1m[35mCREATE TABLE "ar_internal_metadata" ("key" varchar NOT NULL PRIMARY KEY, "value" varchar, "created_at" datetime NOT NULL, "updated_at" datetime NOT NULL)[0m
  [1m[35m (0.1ms)[0m  [1m[34mSELECT "schema_migrations"."version" FROM "schema_migrations" ORDER BY "schema_migrations"."version" ASC[0m
Migrating to CreatePosts (20180218013208)
  [1m[35m (0.0ms)[0m  [1m[36mbegin transaction[0m
  [1m[35m (0.3ms)[0m  [1m[35mCREATE TABLE "posts" ("id" INTEGER PRIMARY KEY AUTOINCREMENT NOT NULL, "title" varchar, "content" text, "created_at" datetime NOT NULL, "updated_at" datetime NOT NULL)[0m
  [1m[35mSQL (0.1ms)[0m  [1m[32mINSERT INTO "schema_migrations" ("version") VALUES (?)[0m  [["version", "20180218013208"]]
  [1m[35m (5.0ms)[0m  [1m[36mcommit transaction[0m
  [1m[36mActiveRecord::InternalMetadata Load (0.7ms)[0m  [1m[34mSELECT  "ar_internal_metadata".* FROM "ar_internal_metadata" WHERE "ar_internal_metadata"."key" = ? LIMIT ?[0m  [["key", "environment"], ["LIMIT", 1]]
  [1m[35m (0.0ms)[0m  [1m[36mbegin transaction[0m
  [1m[35mSQL (0.2ms)[0m  [1m[32mINSERT INTO "ar_internal_metadata" ("key", "value", "created_at", "updated_at") VALUES (?, ?, ?, ?)[0m  [["key", "environment"], ["value", "development"], ["created_at", "2018-03-08 02:32:22.268449"], ["updated_at", "2018-03-08 02:32:22.268449"]]
  [1m[35m (6.7ms)[0m  [1m[36mcommit transaction[0m
  [1m[35m (0.1ms)[0m  [1m[34mSELECT "schema_migrations"."version" FROM "schema_migrations" ORDER BY "schema_migrations"."version" ASC[0m
DEPRECATION WARNING: ActiveSupport.halt_callback_chains_on_return_false= is deprecated and will be removed in Rails 5.2. (called from <top (required)> at /home/ec2-user/environment/lion/config/initializers/new_framework_defaults.rb:21)
Started GET "/" for 69.91.159.68 at 2018-03-08 02:32:32 +0000
Cannot render console from 69.91.159.68! Allowed networks: 127.0.0.1, ::1, 127.0.0.0/127.255.255.255
  [1m[35m (0.1ms)[0m  [1m[34mSELECT "schema_migrations"."version" FROM "schema_migrations" ORDER BY "schema_migrations"."version" ASC[0m
Processing by Rails::WelcomeController#index as HTML
  Rendering /usr/local/rvm/gems/ruby-2.4.1/gems/railties-5.1.5/lib/rails/templates/rails/welcome/index.html.erb
  Rendered /usr/local/rvm/gems/ruby-2.4.1/gems/railties-5.1.5/lib/rails/templates/rails/welcome/index.html.erb (1.9ms)
Completed 200 OK in 12ms (Views: 4.7ms | ActiveRecord: 0.0ms)


Started GET "/rails/db" for 69.91.159.68 at 2018-03-08 02:32:37 +0000
Cannot render console from 69.91.159.68! Allowed networks: 127.0.0.1, ::1, 127.0.0.0/127.255.255.255
  
ActionController::RoutingError (No route matches [GET] "/rails/db"):
  
actionpack (5.1.5) lib/action_dispatch/middleware/debug_exceptions.rb:63:in `call'
web-console (3.5.1) lib/web_console/middleware.rb:135:in `call_app'
web-console (3.5.1) lib/web_console/middleware.rb:20:in `block in call'
web-console (3.5.1) lib/web_console/middleware.rb:18:in `catch'
web-console (3.5.1) lib/web_console/middleware.rb:18:in `call'
actionpack (5.1.5) lib/action_dispatch/middleware/show_exceptions.rb:31:in `call'
railties (5.1.5) lib/rails/rack/logger.rb:36:in `call_app'
railties (5.1.5) lib/rails/rack/logger.rb:24:in `block in call'
activesupport (5.1.5) lib/active_support/tagged_logging.rb:69:in `block in tagged'
activesupport (5.1.5) lib/active_support/tagged_logging.rb:26:in `tagged'
activesupport (5.1.5) lib/active_support/tagged_logging.rb:69:in `tagged'
railties (5.1.5) lib/rails/rack/logger.rb:24:in `call'
sprockets-rails (3.2.1) lib/sprockets/rails/quiet_assets.rb:13:in `call'
actionpack (5.1.5) lib/action_dispatch/middleware/remote_ip.rb:79:in `call'
actionpack (5.1.5) lib/action_dispatch/middleware/request_id.rb:25:in `call'
rack (2.0.4) lib/rack/method_override.rb:22:in `call'
rack (2.0.4) lib/rack/runtime.rb:22:in `call'
activesupport (5.1.5) lib/active_support/cache/strategy/local_cache_middleware.rb:27:in `call'
actionpack (5.1.5) lib/action_dispatch/middleware/executor.rb:12:in `call'
actionpack (5.1.5) lib/action_dispatch/middleware/static.rb:125:in `call'
rack (2.0.4) lib/rack/sendfile.rb:111:in `call'
railties (5.1.5) lib/rails/engine.rb:522:in `call'
puma (3.11.2) lib/puma/configuration.rb:225:in `call'
puma (3.11.2) lib/puma/server.rb:624:in `handle_request'
puma (3.11.2) lib/puma/server.rb:438:in `process_client'
puma (3.11.2) lib/puma/server.rb:302:in `block in run'
puma (3.11.2) lib/puma/thread_pool.rb:120:in `block in spawn_thread'
Started GET "/rail/db" for 69.91.159.68 at 2018-03-08 02:32:42 +0000
Cannot render console from 69.91.159.68! Allowed networks: 127.0.0.1, ::1, 127.0.0.0/127.255.255.255
  
ActionController::RoutingError (No route matches [GET] "/rail/db"):
  
actionpack (5.1.5) lib/action_dispatch/middleware/debug_exceptions.rb:63:in `call'
web-console (3.5.1) lib/web_console/middleware.rb:135:in `call_app'
web-console (3.5.1) lib/web_console/middleware.rb:20:in `block in call'
web-console (3.5.1) lib/web_console/middleware.rb:18:in `catch'
web-console (3.5.1) lib/web_console/middleware.rb:18:in `call'
actionpack (5.1.5) lib/action_dispatch/middleware/show_exceptions.rb:31:in `call'
railties (5.1.5) lib/rails/rack/logger.rb:36:in `call_app'
railties (5.1.5) lib/rails/rack/logger.rb:24:in `block in call'
activesupport (5.1.5) lib/active_support/tagged_logging.rb:69:in `block in tagged'
activesupport (5.1.5) lib/active_support/tagged_logging.rb:26:in `tagged'
activesupport (5.1.5) lib/active_support/tagged_logging.rb:69:in `tagged'
railties (5.1.5) lib/rails/rack/logger.rb:24:in `call'
sprockets-rails (3.2.1) lib/sprockets/rails/quiet_assets.rb:13:in `call'
actionpack (5.1.5) lib/action_dispatch/middleware/remote_ip.rb:79:in `call'
actionpack (5.1.5) lib/action_dispatch/middleware/request_id.rb:25:in `call'
rack (2.0.4) lib/rack/method_override.rb:22:in `call'
rack (2.0.4) lib/rack/runtime.rb:22:in `call'
activesupport (5.1.5) lib/active_support/cache/strategy/local_cache_middleware.rb:27:in `call'
actionpack (5.1.5) lib/action_dispatch/middleware/executor.rb:12:in `call'
actionpack (5.1.5) lib/action_dispatch/middleware/static.rb:125:in `call'
rack (2.0.4) lib/rack/sendfile.rb:111:in `call'
railties (5.1.5) lib/rails/engine.rb:522:in `call'
puma (3.11.2) lib/puma/configuration.rb:225:in `call'
puma (3.11.2) lib/puma/server.rb:624:in `handle_request'
puma (3.11.2) lib/puma/server.rb:438:in `process_client'
puma (3.11.2) lib/puma/server.rb:302:in `block in run'
puma (3.11.2) lib/puma/thread_pool.rb:120:in `block in spawn_thread'
Started GET "/rails/db" for 69.91.159.68 at 2018-03-08 02:32:46 +0000
Cannot render console from 69.91.159.68! Allowed networks: 127.0.0.1, ::1, 127.0.0.0/127.255.255.255
  
ActionController::RoutingError (No route matches [GET] "/rails/db"):
  
actionpack (5.1.5) lib/action_dispatch/middleware/debug_exceptions.rb:63:in `call'
web-console (3.5.1) lib/web_console/middleware.rb:135:in `call_app'
web-console (3.5.1) lib/web_console/middleware.rb:20:in `block in call'
web-console (3.5.1) lib/web_console/middleware.rb:18:in `catch'
web-console (3.5.1) lib/web_console/middleware.rb:18:in `call'
actionpack (5.1.5) lib/action_dispatch/middleware/show_exceptions.rb:31:in `call'
railties (5.1.5) lib/rails/rack/logger.rb:36:in `call_app'
railties (5.1.5) lib/rails/rack/logger.rb:24:in `block in call'
activesupport (5.1.5) lib/active_support/tagged_logging.rb:69:in `block in tagged'
activesupport (5.1.5) lib/active_support/tagged_logging.rb:26:in `tagged'
activesupport (5.1.5) lib/active_support/tagged_logging.rb:69:in `tagged'
railties (5.1.5) lib/rails/rack/logger.rb:24:in `call'
sprockets-rails (3.2.1) lib/sprockets/rails/quiet_assets.rb:13:in `call'
actionpack (5.1.5) lib/action_dispatch/middleware/remote_ip.rb:79:in `call'
actionpack (5.1.5) lib/action_dispatch/middleware/request_id.rb:25:in `call'
rack (2.0.4) lib/rack/method_override.rb:22:in `call'
rack (2.0.4) lib/rack/runtime.rb:22:in `call'
activesupport (5.1.5) lib/active_support/cache/strategy/local_cache_middleware.rb:27:in `call'
actionpack (5.1.5) lib/action_dispatch/middleware/executor.rb:12:in `call'
actionpack (5.1.5) lib/action_dispatch/middleware/static.rb:125:in `call'
rack (2.0.4) lib/rack/sendfile.rb:111:in `call'
railties (5.1.5) lib/rails/engine.rb:522:in `call'
puma (3.11.2) lib/puma/configuration.rb:225:in `call'
puma (3.11.2) lib/puma/server.rb:624:in `handle_request'
puma (3.11.2) lib/puma/server.rb:438:in `process_client'
puma (3.11.2) lib/puma/server.rb:302:in `block in run'
puma (3.11.2) lib/puma/thread_pool.rb:120:in `block in spawn_thread'
